2025-03-13T10:16:13.460+05:30  INFO   --- [           main] c.a.v.s.EngagementServiceImpl            : Fetching engagement stats for Video ID=1
2025-03-13T10:16:13.462+05:30  INFO   --- [           main] c.a.v.s.EngagementServiceImpl            : Returning engagement stats for Video ID=1 -> Impressions=10, Views=5
2025-03-13T10:16:13.472+05:30  INFO   --- [           main] c.a.v.s.EngagementServiceImpl            : Processing engagement tracking for Video ID=2, User ID=202, Type=VIEW
2025-03-13T10:16:13.472+05:30  INFO   --- [           main] c.a.v.s.EngagementServiceImpl            : Updated engagement for Video ID=2 and User ID=202 -> Impressions=5, Views=4
2025-03-13T10:16:13.472+05:30  INFO   --- [           main] c.a.v.s.EngagementServiceImpl            : Engagement recorded in DB for Video ID=2, User ID=202, Type=VIEW
2025-03-13T10:16:13.476+05:30  INFO   --- [           main] c.a.v.s.EngagementServiceImpl            : Processing engagement tracking for Video ID=3, User ID=303, Type=VIEW
2025-03-13T10:16:13.476+05:30  INFO   --- [           main] c.a.v.s.EngagementServiceImpl            : New engagement created for Video ID=3 and User ID=303
2025-03-13T10:16:13.476+05:30  INFO   --- [           main] c.a.v.s.EngagementServiceImpl            : Engagement recorded in DB for Video ID=3, User ID=303, Type=VIEW
2025-03-13T10:16:13.479+05:30  INFO   --- [           main] c.a.v.s.EngagementServiceImpl            : Fetching engagement stats for Video ID=999
2025-03-13T10:16:13.481+05:30  INFO   --- [           main] c.a.v.s.EngagementServiceImpl            : Processing engagement tracking for Video ID=1, User ID=101, Type=IMPRESSION
2025-03-13T10:16:13.481+05:30  INFO   --- [           main] c.a.v.s.EngagementServiceImpl            : Updated engagement for Video ID=1 and User ID=101 -> Impressions=3, Views=0
2025-03-13T10:16:13.481+05:30  INFO   --- [           main] c.a.v.s.EngagementServiceImpl            : Engagement recorded in DB for Video ID=1, User ID=101, Type=IMPRESSION
2025-03-13T10:16:13.482+05:30  INFO   --- [           main] c.a.v.s.EngagementServiceImpl            : Processing engagement tracking for Video ID=404, User ID=505, Type=IMPRESSION
2025-03-13T10:16:13.489+05:30  INFO   --- [           main] c.a.v.controllers.VideoController        : Publishing new video: New Video
2025-03-13T10:16:13.489+05:30 ERROR   --- [           main] c.a.v.controllers.VideoController        : Error occurred while publishing video: Database error

java.lang.RuntimeException: Database error
	at com.api.videostreaming.serviceImpls.VideoServiceImpl.publishVideo(VideoServiceImpl.java:67)
	at com.api.videostreaming.implTests.VideoServiceImplTests.lambda$testPublishVideo_Exception$1(VideoServiceImplTests.java:106)
	at org.junit.jupiter.api.AssertThrows.assertThrows(AssertThrows.java:55)
	at org.junit.jupiter.api.AssertThrows.assertThrows(AssertThrows.java:37)
	at org.junit.jupiter.api.Assertions.assertThrows(Assertions.java:3082)
	at com.api.videostreaming.implTests.VideoServiceImplTests.testPublishVideo_Exception(VideoServiceImplTests.java:106)
	at java.base/jdk.internal.reflect.NativeMethodAccessorImpl.invoke0(Native Method)
	at java.base/jdk.internal.reflect.NativeMethodAccessorImpl.invoke(NativeMethodAccessorImpl.java:77)
	at java.base/jdk.internal.reflect.DelegatingMethodAccessorImpl.invoke(DelegatingMethodAccessorImpl.java:43)
	at java.base/java.lang.reflect.Method.invoke(Method.java:568)
	at org.junit.platform.commons.util.ReflectionUtils.invokeMethod(ReflectionUtils.java:728)
	at org.junit.jupiter.engine.execution.MethodInvocation.proceed(MethodInvocation.java:60)
	at org.junit.jupiter.engine.execution.InvocationInterceptorChain$ValidatingInvocation.proceed(InvocationInterceptorChain.java:131)
	at org.junit.jupiter.engine.extension.TimeoutExtension.intercept(TimeoutExtension.java:149)
	at org.junit.jupiter.engine.extension.TimeoutExtension.interceptTestableMethod(TimeoutExtension.java:140)
	at org.junit.jupiter.engine.extension.TimeoutExtension.interceptTestMethod(TimeoutExtension.java:84)
	at org.junit.jupiter.engine.execution.ExecutableInvoker$ReflectiveInterceptorCall.lambda$ofVoidMethod$0(ExecutableInvoker.java:115)
	at org.junit.jupiter.engine.execution.ExecutableInvoker.lambda$invoke$0(ExecutableInvoker.java:105)
	at org.junit.jupiter.engine.execution.InvocationInterceptorChain$InterceptedInvocation.proceed(InvocationInterceptorChain.java:106)
	at org.junit.jupiter.engine.execution.InvocationInterceptorChain.proceed(InvocationInterceptorChain.java:64)
	at org.junit.jupiter.engine.execution.InvocationInterceptorChain.chainAndInvoke(InvocationInterceptorChain.java:45)
	at org.junit.jupiter.engine.execution.InvocationInterceptorChain.invoke(InvocationInterceptorChain.java:37)
	at org.junit.jupiter.engine.execution.ExecutableInvoker.invoke(ExecutableInvoker.java:104)
	at org.junit.jupiter.engine.execution.ExecutableInvoker.invoke(ExecutableInvoker.java:98)
	at org.junit.jupiter.engine.descriptor.TestMethodTestDescriptor.lambda$invokeTestMethod$7(TestMethodTestDescriptor.java:214)
	at org.junit.platform.engine.support.hierarchical.ThrowableCollector.execute(ThrowableCollector.java:73)
	at org.junit.jupiter.engine.descriptor.TestMethodTestDescriptor.invokeTestMethod(TestMethodTestDescriptor.java:210)
	at org.junit.jupiter.engine.descriptor.TestMethodTestDescriptor.execute(TestMethodTestDescriptor.java:135)
	at org.junit.jupiter.engine.descriptor.TestMethodTestDescriptor.execute(TestMethodTestDescriptor.java:66)
	at org.junit.platform.engine.support.hierarchical.NodeTestTask.lambda$executeRecursively$6(NodeTestTask.java:156)
	at org.junit.platform.engine.support.hierarchical.ThrowableCollector.execute(ThrowableCollector.java:73)
	at org.junit.platform.engine.support.hierarchical.NodeTestTask.lambda$executeRecursively$8(NodeTestTask.java:146)
	at org.junit.platform.engine.support.hierarchical.Node.around(Node.java:137)
	at org.junit.platform.engine.support.hierarchical.NodeTestTask.lambda$executeRecursively$9(NodeTestTask.java:144)
	at org.junit.platform.engine.support.hierarchical.ThrowableCollector.execute(ThrowableCollector.java:73)
	at org.junit.platform.engine.support.hierarchical.NodeTestTask.executeRecursively(NodeTestTask.java:143)
	at org.junit.platform.engine.support.hierarchical.NodeTestTask.execute(NodeTestTask.java:100)
	at java.base/java.util.ArrayList.forEach(ArrayList.java:1511)
	at org.junit.platform.engine.support.hierarchical.SameThreadHierarchicalTestExecutorService.invokeAll(SameThreadHierarchicalTestExecutorService.java:41)
	at org.junit.platform.engine.support.hierarchical.NodeTestTask.lambda$executeRecursively$6(NodeTestTask.java:160)
	at org.junit.platform.engine.support.hierarchical.ThrowableCollector.execute(ThrowableCollector.java:73)
	at org.junit.platform.engine.support.hierarchical.NodeTestTask.lambda$executeRecursively$8(NodeTestTask.java:146)
	at org.junit.platform.engine.support.hierarchical.Node.around(Node.java:137)
	at org.junit.platform.engine.support.hierarchical.NodeTestTask.lambda$executeRecursively$9(NodeTestTask.java:144)
	at org.junit.platform.engine.support.hierarchical.ThrowableCollector.execute(ThrowableCollector.java:73)
	at org.junit.platform.engine.support.hierarchical.NodeTestTask.executeRecursively(NodeTestTask.java:143)
	at org.junit.platform.engine.support.hierarchical.NodeTestTask.execute(NodeTestTask.java:100)
	at java.base/java.util.ArrayList.forEach(ArrayList.java:1511)
	at org.junit.platform.engine.support.hierarchical.SameThreadHierarchicalTestExecutorService.invokeAll(SameThreadHierarchicalTestExecutorService.java:41)
	at org.junit.platform.engine.support.hierarchical.NodeTestTask.lambda$executeRecursively$6(NodeTestTask.java:160)
	at org.junit.platform.engine.support.hierarchical.ThrowableCollector.execute(ThrowableCollector.java:73)
	at org.junit.platform.engine.support.hierarchical.NodeTestTask.lambda$executeRecursively$8(NodeTestTask.java:146)
	at org.junit.platform.engine.support.hierarchical.Node.around(Node.java:137)
	at org.junit.platform.engine.support.hierarchical.NodeTestTask.lambda$executeRecursively$9(NodeTestTask.java:144)
	at org.junit.platform.engine.support.hierarchical.ThrowableCollector.execute(ThrowableCollector.java:73)
	at org.junit.platform.engine.support.hierarchical.NodeTestTask.executeRecursively(NodeTestTask.java:143)
	at org.junit.platform.engine.support.hierarchical.NodeTestTask.execute(NodeTestTask.java:100)
	at org.junit.platform.engine.support.hierarchical.SameThreadHierarchicalTestExecutorService.submit(SameThreadHierarchicalTestExecutorService.java:35)
	at org.junit.platform.engine.support.hierarchical.HierarchicalTestExecutor.execute(HierarchicalTestExecutor.java:57)
	at org.junit.platform.engine.support.hierarchical.HierarchicalTestEngine.execute(HierarchicalTestEngine.java:54)
	at org.junit.platform.launcher.core.EngineExecutionOrchestrator.execute(EngineExecutionOrchestrator.java:198)
	at org.junit.platform.launcher.core.EngineExecutionOrchestrator.execute(EngineExecutionOrchestrator.java:169)
	at org.junit.platform.launcher.core.EngineExecutionOrchestrator.execute(EngineExecutionOrchestrator.java:93)
	at org.junit.platform.launcher.core.EngineExecutionOrchestrator.lambda$execute$0(EngineExecutionOrchestrator.java:58)
	at org.junit.platform.launcher.core.EngineExecutionOrchestrator.withInterceptedStreams(EngineExecutionOrchestrator.java:141)
	at org.junit.platform.launcher.core.EngineExecutionOrchestrator.execute(EngineExecutionOrchestrator.java:57)
	at org.junit.platform.launcher.core.DefaultLauncher.execute(DefaultLauncher.java:103)
	at org.junit.platform.launcher.core.DefaultLauncher.execute(DefaultLauncher.java:85)
	at org.junit.platform.launcher.core.DelegatingLauncher.execute(DelegatingLauncher.java:47)
	at org.apache.maven.surefire.junitplatform.LazyLauncher.execute(LazyLauncher.java:56)
	at org.apache.maven.surefire.junitplatform.JUnitPlatformProvider.execute(JUnitPlatformProvider.java:184)
	at org.apache.maven.surefire.junitplatform.JUnitPlatformProvider.invokeAllTests(JUnitPlatformProvider.java:148)
	at org.apache.maven.surefire.junitplatform.JUnitPlatformProvider.invoke(JUnitPlatformProvider.java:122)
	at org.apache.maven.surefire.booter.ForkedBooter.runSuitesInProcess(ForkedBooter.java:385)
	at org.apache.maven.surefire.booter.ForkedBooter.execute(ForkedBooter.java:162)
	at org.apache.maven.surefire.booter.ForkedBooter.run(ForkedBooter.java:507)
	at org.apache.maven.surefire.booter.ForkedBooter.main(ForkedBooter.java:495)

2025-03-13T10:16:13.491+05:30  INFO   --- [           main] c.a.v.controllers.VideoController        : Fetching video content for Video ID: 1
2025-03-13T10:16:13.492+05:30  INFO   --- [           main] c.a.v.controllers.VideoController        : Video content loaded successfully: ID=1, Title=Test Video
2025-03-13T10:16:13.493+05:30  INFO   --- [           main] c.a.v.controllers.VideoController        : Fetching video content for ID: 1
2025-03-13T10:16:13.493+05:30  INFO   --- [           main] c.a.v.controllers.VideoController        : Video content ready to play: ID=1, Title=Test Video
2025-03-13T10:16:13.494+05:30  INFO   --- [           main] c.a.v.controllers.VideoController        : Publishing new video: Existing Video
2025-03-13T10:16:13.494+05:30  WARN   --- [           main] c.a.v.controllers.VideoController        : Video with title 'Existing Video' already exists
2025-03-13T10:16:13.495+05:30  INFO   --- [           main] c.a.v.controllers.VideoController        : Publishing new video: New Video
2025-03-13T10:16:13.495+05:30  INFO   --- [           main] c.a.v.controllers.VideoController        : Video 'New Video' published successfully with ID: null
2025-03-13T10:16:13.498+05:30  INFO   --- [           main] c.a.v.controllers.VideoController        : Searching videos with phrase: 'Action', page=0, size=5
2025-03-13T10:21:09.371+05:30  INFO   --- [           main] c.a.v.s.EngagementServiceImpl            : Fetching engagement stats for Video ID=1
2025-03-13T10:21:09.374+05:30  INFO   --- [           main] c.a.v.s.EngagementServiceImpl            : Returning engagement stats for Video ID=1 -> Impressions=10, Views=5
2025-03-13T10:21:09.382+05:30  INFO   --- [           main] c.a.v.s.EngagementServiceImpl            : Processing engagement tracking for Video ID=2, User ID=202, Type=VIEW
2025-03-13T10:21:09.383+05:30  INFO   --- [           main] c.a.v.s.EngagementServiceImpl            : Updated engagement for Video ID=2 and User ID=202 -> Impressions=5, Views=4
2025-03-13T10:21:09.383+05:30  INFO   --- [           main] c.a.v.s.EngagementServiceImpl            : Engagement recorded in DB for Video ID=2, User ID=202, Type=VIEW
2025-03-13T10:21:09.386+05:30  INFO   --- [           main] c.a.v.s.EngagementServiceImpl            : Processing engagement tracking for Video ID=3, User ID=303, Type=VIEW
2025-03-13T10:21:09.386+05:30  INFO   --- [           main] c.a.v.s.EngagementServiceImpl            : New engagement created for Video ID=3 and User ID=303
2025-03-13T10:21:09.386+05:30  INFO   --- [           main] c.a.v.s.EngagementServiceImpl            : Engagement recorded in DB for Video ID=3, User ID=303, Type=VIEW
2025-03-13T10:21:09.388+05:30  INFO   --- [           main] c.a.v.s.EngagementServiceImpl            : Fetching engagement stats for Video ID=999
2025-03-13T10:21:09.390+05:30  INFO   --- [           main] c.a.v.s.EngagementServiceImpl            : Processing engagement tracking for Video ID=1, User ID=101, Type=IMPRESSION
2025-03-13T10:21:09.391+05:30  INFO   --- [           main] c.a.v.s.EngagementServiceImpl            : Updated engagement for Video ID=1 and User ID=101 -> Impressions=3, Views=0
2025-03-13T10:21:09.391+05:30  INFO   --- [           main] c.a.v.s.EngagementServiceImpl            : Engagement recorded in DB for Video ID=1, User ID=101, Type=IMPRESSION
2025-03-13T10:21:09.392+05:30  INFO   --- [           main] c.a.v.s.EngagementServiceImpl            : Processing engagement tracking for Video ID=404, User ID=505, Type=IMPRESSION
2025-03-13T10:21:09.398+05:30  INFO   --- [           main] c.a.v.controllers.VideoController        : Publishing new video: New Video
2025-03-13T10:21:09.399+05:30 ERROR   --- [           main] c.a.v.controllers.VideoController        : Error occurred while publishing video: Database error

java.lang.RuntimeException: Database error
	at com.api.videostreaming.serviceImpls.VideoServiceImpl.publishVideo(VideoServiceImpl.java:67)
	at com.api.videostreaming.implTests.VideoServiceImplTests.lambda$testPublishVideo_Exception$1(VideoServiceImplTests.java:106)
	at org.junit.jupiter.api.AssertThrows.assertThrows(AssertThrows.java:55)
	at org.junit.jupiter.api.AssertThrows.assertThrows(AssertThrows.java:37)
	at org.junit.jupiter.api.Assertions.assertThrows(Assertions.java:3082)
	at com.api.videostreaming.implTests.VideoServiceImplTests.testPublishVideo_Exception(VideoServiceImplTests.java:106)
	at java.base/jdk.internal.reflect.NativeMethodAccessorImpl.invoke0(Native Method)
	at java.base/jdk.internal.reflect.NativeMethodAccessorImpl.invoke(NativeMethodAccessorImpl.java:77)
	at java.base/jdk.internal.reflect.DelegatingMethodAccessorImpl.invoke(DelegatingMethodAccessorImpl.java:43)
	at java.base/java.lang.reflect.Method.invoke(Method.java:568)
	at org.junit.platform.commons.util.ReflectionUtils.invokeMethod(ReflectionUtils.java:728)
	at org.junit.jupiter.engine.execution.MethodInvocation.proceed(MethodInvocation.java:60)
	at org.junit.jupiter.engine.execution.InvocationInterceptorChain$ValidatingInvocation.proceed(InvocationInterceptorChain.java:131)
	at org.junit.jupiter.engine.extension.TimeoutExtension.intercept(TimeoutExtension.java:149)
	at org.junit.jupiter.engine.extension.TimeoutExtension.interceptTestableMethod(TimeoutExtension.java:140)
	at org.junit.jupiter.engine.extension.TimeoutExtension.interceptTestMethod(TimeoutExtension.java:84)
	at org.junit.jupiter.engine.execution.ExecutableInvoker$ReflectiveInterceptorCall.lambda$ofVoidMethod$0(ExecutableInvoker.java:115)
	at org.junit.jupiter.engine.execution.ExecutableInvoker.lambda$invoke$0(ExecutableInvoker.java:105)
	at org.junit.jupiter.engine.execution.InvocationInterceptorChain$InterceptedInvocation.proceed(InvocationInterceptorChain.java:106)
	at org.junit.jupiter.engine.execution.InvocationInterceptorChain.proceed(InvocationInterceptorChain.java:64)
	at org.junit.jupiter.engine.execution.InvocationInterceptorChain.chainAndInvoke(InvocationInterceptorChain.java:45)
	at org.junit.jupiter.engine.execution.InvocationInterceptorChain.invoke(InvocationInterceptorChain.java:37)
	at org.junit.jupiter.engine.execution.ExecutableInvoker.invoke(ExecutableInvoker.java:104)
	at org.junit.jupiter.engine.execution.ExecutableInvoker.invoke(ExecutableInvoker.java:98)
	at org.junit.jupiter.engine.descriptor.TestMethodTestDescriptor.lambda$invokeTestMethod$7(TestMethodTestDescriptor.java:214)
	at org.junit.platform.engine.support.hierarchical.ThrowableCollector.execute(ThrowableCollector.java:73)
	at org.junit.jupiter.engine.descriptor.TestMethodTestDescriptor.invokeTestMethod(TestMethodTestDescriptor.java:210)
	at org.junit.jupiter.engine.descriptor.TestMethodTestDescriptor.execute(TestMethodTestDescriptor.java:135)
	at org.junit.jupiter.engine.descriptor.TestMethodTestDescriptor.execute(TestMethodTestDescriptor.java:66)
	at org.junit.platform.engine.support.hierarchical.NodeTestTask.lambda$executeRecursively$6(NodeTestTask.java:156)
	at org.junit.platform.engine.support.hierarchical.ThrowableCollector.execute(ThrowableCollector.java:73)
	at org.junit.platform.engine.support.hierarchical.NodeTestTask.lambda$executeRecursively$8(NodeTestTask.java:146)
	at org.junit.platform.engine.support.hierarchical.Node.around(Node.java:137)
	at org.junit.platform.engine.support.hierarchical.NodeTestTask.lambda$executeRecursively$9(NodeTestTask.java:144)
	at org.junit.platform.engine.support.hierarchical.ThrowableCollector.execute(ThrowableCollector.java:73)
	at org.junit.platform.engine.support.hierarchical.NodeTestTask.executeRecursively(NodeTestTask.java:143)
	at org.junit.platform.engine.support.hierarchical.NodeTestTask.execute(NodeTestTask.java:100)
	at java.base/java.util.ArrayList.forEach(ArrayList.java:1511)
	at org.junit.platform.engine.support.hierarchical.SameThreadHierarchicalTestExecutorService.invokeAll(SameThreadHierarchicalTestExecutorService.java:41)
	at org.junit.platform.engine.support.hierarchical.NodeTestTask.lambda$executeRecursively$6(NodeTestTask.java:160)
	at org.junit.platform.engine.support.hierarchical.ThrowableCollector.execute(ThrowableCollector.java:73)
	at org.junit.platform.engine.support.hierarchical.NodeTestTask.lambda$executeRecursively$8(NodeTestTask.java:146)
	at org.junit.platform.engine.support.hierarchical.Node.around(Node.java:137)
	at org.junit.platform.engine.support.hierarchical.NodeTestTask.lambda$executeRecursively$9(NodeTestTask.java:144)
	at org.junit.platform.engine.support.hierarchical.ThrowableCollector.execute(ThrowableCollector.java:73)
	at org.junit.platform.engine.support.hierarchical.NodeTestTask.executeRecursively(NodeTestTask.java:143)
	at org.junit.platform.engine.support.hierarchical.NodeTestTask.execute(NodeTestTask.java:100)
	at java.base/java.util.ArrayList.forEach(ArrayList.java:1511)
	at org.junit.platform.engine.support.hierarchical.SameThreadHierarchicalTestExecutorService.invokeAll(SameThreadHierarchicalTestExecutorService.java:41)
	at org.junit.platform.engine.support.hierarchical.NodeTestTask.lambda$executeRecursively$6(NodeTestTask.java:160)
	at org.junit.platform.engine.support.hierarchical.ThrowableCollector.execute(ThrowableCollector.java:73)
	at org.junit.platform.engine.support.hierarchical.NodeTestTask.lambda$executeRecursively$8(NodeTestTask.java:146)
	at org.junit.platform.engine.support.hierarchical.Node.around(Node.java:137)
	at org.junit.platform.engine.support.hierarchical.NodeTestTask.lambda$executeRecursively$9(NodeTestTask.java:144)
	at org.junit.platform.engine.support.hierarchical.ThrowableCollector.execute(ThrowableCollector.java:73)
	at org.junit.platform.engine.support.hierarchical.NodeTestTask.executeRecursively(NodeTestTask.java:143)
	at org.junit.platform.engine.support.hierarchical.NodeTestTask.execute(NodeTestTask.java:100)
	at org.junit.platform.engine.support.hierarchical.SameThreadHierarchicalTestExecutorService.submit(SameThreadHierarchicalTestExecutorService.java:35)
	at org.junit.platform.engine.support.hierarchical.HierarchicalTestExecutor.execute(HierarchicalTestExecutor.java:57)
	at org.junit.platform.engine.support.hierarchical.HierarchicalTestEngine.execute(HierarchicalTestEngine.java:54)
	at org.junit.platform.launcher.core.EngineExecutionOrchestrator.execute(EngineExecutionOrchestrator.java:198)
	at org.junit.platform.launcher.core.EngineExecutionOrchestrator.execute(EngineExecutionOrchestrator.java:169)
	at org.junit.platform.launcher.core.EngineExecutionOrchestrator.execute(EngineExecutionOrchestrator.java:93)
	at org.junit.platform.launcher.core.EngineExecutionOrchestrator.lambda$execute$0(EngineExecutionOrchestrator.java:58)
	at org.junit.platform.launcher.core.EngineExecutionOrchestrator.withInterceptedStreams(EngineExecutionOrchestrator.java:141)
	at org.junit.platform.launcher.core.EngineExecutionOrchestrator.execute(EngineExecutionOrchestrator.java:57)
	at org.junit.platform.launcher.core.DefaultLauncher.execute(DefaultLauncher.java:103)
	at org.junit.platform.launcher.core.DefaultLauncher.execute(DefaultLauncher.java:85)
	at org.junit.platform.launcher.core.DelegatingLauncher.execute(DelegatingLauncher.java:47)
	at org.apache.maven.surefire.junitplatform.LazyLauncher.execute(LazyLauncher.java:56)
	at org.apache.maven.surefire.junitplatform.JUnitPlatformProvider.execute(JUnitPlatformProvider.java:184)
	at org.apache.maven.surefire.junitplatform.JUnitPlatformProvider.invokeAllTests(JUnitPlatformProvider.java:148)
	at org.apache.maven.surefire.junitplatform.JUnitPlatformProvider.invoke(JUnitPlatformProvider.java:122)
	at org.apache.maven.surefire.booter.ForkedBooter.runSuitesInProcess(ForkedBooter.java:385)
	at org.apache.maven.surefire.booter.ForkedBooter.execute(ForkedBooter.java:162)
	at org.apache.maven.surefire.booter.ForkedBooter.run(ForkedBooter.java:507)
	at org.apache.maven.surefire.booter.ForkedBooter.main(ForkedBooter.java:495)

2025-03-13T10:21:09.404+05:30  INFO   --- [           main] c.a.v.controllers.VideoController        : Fetching video content for Video ID: 1
2025-03-13T10:21:09.404+05:30  INFO   --- [           main] c.a.v.controllers.VideoController        : Video content loaded successfully: ID=1, Title=Test Video
2025-03-13T10:21:09.405+05:30  INFO   --- [           main] c.a.v.controllers.VideoController        : Fetching video content for ID: 1
2025-03-13T10:21:09.406+05:30  INFO   --- [           main] c.a.v.controllers.VideoController        : Video content ready to play: ID=1, Title=Test Video
2025-03-13T10:21:09.407+05:30  INFO   --- [           main] c.a.v.controllers.VideoController        : Publishing new video: Existing Video
2025-03-13T10:21:09.407+05:30  WARN   --- [           main] c.a.v.controllers.VideoController        : Video with title 'Existing Video' already exists
2025-03-13T10:21:09.408+05:30  INFO   --- [           main] c.a.v.controllers.VideoController        : Publishing new video: New Video
2025-03-13T10:21:09.408+05:30  INFO   --- [           main] c.a.v.controllers.VideoController        : Video 'New Video' published successfully with ID: null
2025-03-13T10:21:09.412+05:30  INFO   --- [           main] c.a.v.controllers.VideoController        : Searching videos with phrase: 'Action', page=0, size=5
2025-03-13T10:26:47.804+05:30  INFO   --- [           main] c.a.v.s.EngagementServiceImpl            : Fetching engagement stats for Video ID=1
2025-03-13T10:26:47.807+05:30  INFO   --- [           main] c.a.v.s.EngagementServiceImpl            : Returning engagement stats for Video ID=1 -> Impressions=10, Views=5
2025-03-13T10:26:47.822+05:30  INFO   --- [           main] c.a.v.s.EngagementServiceImpl            : Processing engagement tracking for Video ID=2, User ID=202, Type=VIEW
2025-03-13T10:26:47.822+05:30  INFO   --- [           main] c.a.v.s.EngagementServiceImpl            : Updated engagement for Video ID=2 and User ID=202 -> Impressions=5, Views=4
2025-03-13T10:26:47.823+05:30  INFO   --- [           main] c.a.v.s.EngagementServiceImpl            : Engagement recorded in DB for Video ID=2, User ID=202, Type=VIEW
2025-03-13T10:26:47.827+05:30  INFO   --- [           main] c.a.v.s.EngagementServiceImpl            : Processing engagement tracking for Video ID=3, User ID=303, Type=VIEW
2025-03-13T10:26:47.827+05:30  INFO   --- [           main] c.a.v.s.EngagementServiceImpl            : New engagement created for Video ID=3 and User ID=303
2025-03-13T10:26:47.827+05:30  INFO   --- [           main] c.a.v.s.EngagementServiceImpl            : Engagement recorded in DB for Video ID=3, User ID=303, Type=VIEW
2025-03-13T10:26:47.831+05:30  INFO   --- [           main] c.a.v.s.EngagementServiceImpl            : Fetching engagement stats for Video ID=999
2025-03-13T10:26:47.832+05:30  INFO   --- [           main] c.a.v.s.EngagementServiceImpl            : Processing engagement tracking for Video ID=1, User ID=101, Type=IMPRESSION
2025-03-13T10:26:47.834+05:30  INFO   --- [           main] c.a.v.s.EngagementServiceImpl            : Updated engagement for Video ID=1 and User ID=101 -> Impressions=3, Views=0
2025-03-13T10:26:47.835+05:30  INFO   --- [           main] c.a.v.s.EngagementServiceImpl            : Engagement recorded in DB for Video ID=1, User ID=101, Type=IMPRESSION
2025-03-13T10:26:47.837+05:30  INFO   --- [           main] c.a.v.s.EngagementServiceImpl            : Processing engagement tracking for Video ID=404, User ID=505, Type=IMPRESSION
2025-03-13T10:26:47.847+05:30  INFO   --- [           main] c.a.v.controllers.VideoController        : Publishing new video: New Video
2025-03-13T10:26:47.848+05:30 ERROR   --- [           main] c.a.v.controllers.VideoController        : Error occurred while publishing video: Database error

java.lang.RuntimeException: Database error
	at com.api.videostreaming.serviceImpls.VideoServiceImpl.publishVideo(VideoServiceImpl.java:67)
	at com.api.videostreaming.implTests.VideoServiceImplTests.lambda$testPublishVideo_Exception$1(VideoServiceImplTests.java:107)
	at org.junit.jupiter.api.AssertThrows.assertThrows(AssertThrows.java:55)
	at org.junit.jupiter.api.AssertThrows.assertThrows(AssertThrows.java:37)
	at org.junit.jupiter.api.Assertions.assertThrows(Assertions.java:3082)
	at com.api.videostreaming.implTests.VideoServiceImplTests.testPublishVideo_Exception(VideoServiceImplTests.java:106)
	at java.base/jdk.internal.reflect.NativeMethodAccessorImpl.invoke0(Native Method)
	at java.base/jdk.internal.reflect.NativeMethodAccessorImpl.invoke(NativeMethodAccessorImpl.java:77)
	at java.base/jdk.internal.reflect.DelegatingMethodAccessorImpl.invoke(DelegatingMethodAccessorImpl.java:43)
	at java.base/java.lang.reflect.Method.invoke(Method.java:568)
	at org.junit.platform.commons.util.ReflectionUtils.invokeMethod(ReflectionUtils.java:728)
	at org.junit.jupiter.engine.execution.MethodInvocation.proceed(MethodInvocation.java:60)
	at org.junit.jupiter.engine.execution.InvocationInterceptorChain$ValidatingInvocation.proceed(InvocationInterceptorChain.java:131)
	at org.junit.jupiter.engine.extension.TimeoutExtension.intercept(TimeoutExtension.java:149)
	at org.junit.jupiter.engine.extension.TimeoutExtension.interceptTestableMethod(TimeoutExtension.java:140)
	at org.junit.jupiter.engine.extension.TimeoutExtension.interceptTestMethod(TimeoutExtension.java:84)
	at org.junit.jupiter.engine.execution.ExecutableInvoker$ReflectiveInterceptorCall.lambda$ofVoidMethod$0(ExecutableInvoker.java:115)
	at org.junit.jupiter.engine.execution.ExecutableInvoker.lambda$invoke$0(ExecutableInvoker.java:105)
	at org.junit.jupiter.engine.execution.InvocationInterceptorChain$InterceptedInvocation.proceed(InvocationInterceptorChain.java:106)
	at org.junit.jupiter.engine.execution.InvocationInterceptorChain.proceed(InvocationInterceptorChain.java:64)
	at org.junit.jupiter.engine.execution.InvocationInterceptorChain.chainAndInvoke(InvocationInterceptorChain.java:45)
	at org.junit.jupiter.engine.execution.InvocationInterceptorChain.invoke(InvocationInterceptorChain.java:37)
	at org.junit.jupiter.engine.execution.ExecutableInvoker.invoke(ExecutableInvoker.java:104)
	at org.junit.jupiter.engine.execution.ExecutableInvoker.invoke(ExecutableInvoker.java:98)
	at org.junit.jupiter.engine.descriptor.TestMethodTestDescriptor.lambda$invokeTestMethod$7(TestMethodTestDescriptor.java:214)
	at org.junit.platform.engine.support.hierarchical.ThrowableCollector.execute(ThrowableCollector.java:73)
	at org.junit.jupiter.engine.descriptor.TestMethodTestDescriptor.invokeTestMethod(TestMethodTestDescriptor.java:210)
	at org.junit.jupiter.engine.descriptor.TestMethodTestDescriptor.execute(TestMethodTestDescriptor.java:135)
	at org.junit.jupiter.engine.descriptor.TestMethodTestDescriptor.execute(TestMethodTestDescriptor.java:66)
	at org.junit.platform.engine.support.hierarchical.NodeTestTask.lambda$executeRecursively$6(NodeTestTask.java:156)
	at org.junit.platform.engine.support.hierarchical.ThrowableCollector.execute(ThrowableCollector.java:73)
	at org.junit.platform.engine.support.hierarchical.NodeTestTask.lambda$executeRecursively$8(NodeTestTask.java:146)
	at org.junit.platform.engine.support.hierarchical.Node.around(Node.java:137)
	at org.junit.platform.engine.support.hierarchical.NodeTestTask.lambda$executeRecursively$9(NodeTestTask.java:144)
	at org.junit.platform.engine.support.hierarchical.ThrowableCollector.execute(ThrowableCollector.java:73)
	at org.junit.platform.engine.support.hierarchical.NodeTestTask.executeRecursively(NodeTestTask.java:143)
	at org.junit.platform.engine.support.hierarchical.NodeTestTask.execute(NodeTestTask.java:100)
	at java.base/java.util.ArrayList.forEach(ArrayList.java:1511)
	at org.junit.platform.engine.support.hierarchical.SameThreadHierarchicalTestExecutorService.invokeAll(SameThreadHierarchicalTestExecutorService.java:41)
	at org.junit.platform.engine.support.hierarchical.NodeTestTask.lambda$executeRecursively$6(NodeTestTask.java:160)
	at org.junit.platform.engine.support.hierarchical.ThrowableCollector.execute(ThrowableCollector.java:73)
	at org.junit.platform.engine.support.hierarchical.NodeTestTask.lambda$executeRecursively$8(NodeTestTask.java:146)
	at org.junit.platform.engine.support.hierarchical.Node.around(Node.java:137)
	at org.junit.platform.engine.support.hierarchical.NodeTestTask.lambda$executeRecursively$9(NodeTestTask.java:144)
	at org.junit.platform.engine.support.hierarchical.ThrowableCollector.execute(ThrowableCollector.java:73)
	at org.junit.platform.engine.support.hierarchical.NodeTestTask.executeRecursively(NodeTestTask.java:143)
	at org.junit.platform.engine.support.hierarchical.NodeTestTask.execute(NodeTestTask.java:100)
	at java.base/java.util.ArrayList.forEach(ArrayList.java:1511)
	at org.junit.platform.engine.support.hierarchical.SameThreadHierarchicalTestExecutorService.invokeAll(SameThreadHierarchicalTestExecutorService.java:41)
	at org.junit.platform.engine.support.hierarchical.NodeTestTask.lambda$executeRecursively$6(NodeTestTask.java:160)
	at org.junit.platform.engine.support.hierarchical.ThrowableCollector.execute(ThrowableCollector.java:73)
	at org.junit.platform.engine.support.hierarchical.NodeTestTask.lambda$executeRecursively$8(NodeTestTask.java:146)
	at org.junit.platform.engine.support.hierarchical.Node.around(Node.java:137)
	at org.junit.platform.engine.support.hierarchical.NodeTestTask.lambda$executeRecursively$9(NodeTestTask.java:144)
	at org.junit.platform.engine.support.hierarchical.ThrowableCollector.execute(ThrowableCollector.java:73)
	at org.junit.platform.engine.support.hierarchical.NodeTestTask.executeRecursively(NodeTestTask.java:143)
	at org.junit.platform.engine.support.hierarchical.NodeTestTask.execute(NodeTestTask.java:100)
	at org.junit.platform.engine.support.hierarchical.SameThreadHierarchicalTestExecutorService.submit(SameThreadHierarchicalTestExecutorService.java:35)
	at org.junit.platform.engine.support.hierarchical.HierarchicalTestExecutor.execute(HierarchicalTestExecutor.java:57)
	at org.junit.platform.engine.support.hierarchical.HierarchicalTestEngine.execute(HierarchicalTestEngine.java:54)
	at org.junit.platform.launcher.core.EngineExecutionOrchestrator.execute(EngineExecutionOrchestrator.java:198)
	at org.junit.platform.launcher.core.EngineExecutionOrchestrator.execute(EngineExecutionOrchestrator.java:169)
	at org.junit.platform.launcher.core.EngineExecutionOrchestrator.execute(EngineExecutionOrchestrator.java:93)
	at org.junit.platform.launcher.core.EngineExecutionOrchestrator.lambda$execute$0(EngineExecutionOrchestrator.java:58)
	at org.junit.platform.launcher.core.EngineExecutionOrchestrator.withInterceptedStreams(EngineExecutionOrchestrator.java:141)
	at org.junit.platform.launcher.core.EngineExecutionOrchestrator.execute(EngineExecutionOrchestrator.java:57)
	at org.junit.platform.launcher.core.DefaultLauncher.execute(DefaultLauncher.java:103)
	at org.junit.platform.launcher.core.DefaultLauncher.execute(DefaultLauncher.java:85)
	at org.junit.platform.launcher.core.DelegatingLauncher.execute(DelegatingLauncher.java:47)
	at org.apache.maven.surefire.junitplatform.LazyLauncher.execute(LazyLauncher.java:56)
	at org.apache.maven.surefire.junitplatform.JUnitPlatformProvider.execute(JUnitPlatformProvider.java:184)
	at org.apache.maven.surefire.junitplatform.JUnitPlatformProvider.invokeAllTests(JUnitPlatformProvider.java:148)
	at org.apache.maven.surefire.junitplatform.JUnitPlatformProvider.invoke(JUnitPlatformProvider.java:122)
	at org.apache.maven.surefire.booter.ForkedBooter.runSuitesInProcess(ForkedBooter.java:385)
	at org.apache.maven.surefire.booter.ForkedBooter.execute(ForkedBooter.java:162)
	at org.apache.maven.surefire.booter.ForkedBooter.run(ForkedBooter.java:507)
	at org.apache.maven.surefire.booter.ForkedBooter.main(ForkedBooter.java:495)

2025-03-13T10:26:47.851+05:30  INFO   --- [           main] c.a.v.controllers.VideoController        : Fetching video content for Video ID: 1
2025-03-13T10:26:47.852+05:30  INFO   --- [           main] c.a.v.controllers.VideoController        : Video content loaded successfully: ID=1, Title=Test Video
2025-03-13T10:26:47.853+05:30  INFO   --- [           main] c.a.v.controllers.VideoController        : Fetching video content for ID: 1
2025-03-13T10:26:47.853+05:30  INFO   --- [           main] c.a.v.controllers.VideoController        : Video content ready to play: ID=1, Title=Test Video
2025-03-13T10:26:47.854+05:30  INFO   --- [           main] c.a.v.controllers.VideoController        : Publishing new video: Existing Video
2025-03-13T10:26:47.855+05:30  WARN   --- [           main] c.a.v.controllers.VideoController        : Video with title 'Existing Video' already exists
2025-03-13T10:26:47.856+05:30  INFO   --- [           main] c.a.v.controllers.VideoController        : Publishing new video: New Video
2025-03-13T10:26:47.856+05:30  INFO   --- [           main] c.a.v.controllers.VideoController        : Video 'New Video' published successfully with ID: null
2025-03-13T10:26:47.860+05:30  INFO   --- [           main] c.a.v.controllers.VideoController        : Searching videos with phrase: 'Action', page=0, size=5
2025-03-13T10:36:44.014+05:30  INFO   --- [           main] c.a.v.s.EngagementServiceImpl            : Fetching engagement stats for Video ID=1
2025-03-13T10:36:44.016+05:30  INFO   --- [           main] c.a.v.s.EngagementServiceImpl            : Returning engagement stats for Video ID=1 -> Impressions=10, Views=5
2025-03-13T10:36:44.027+05:30  INFO   --- [           main] c.a.v.s.EngagementServiceImpl            : Processing engagement tracking for Video ID=2, User ID=202, Type=VIEW
2025-03-13T10:36:44.027+05:30  INFO   --- [           main] c.a.v.s.EngagementServiceImpl            : Updated engagement for Video ID=2 and User ID=202 -> Impressions=5, Views=4
2025-03-13T10:36:44.027+05:30  INFO   --- [           main] c.a.v.s.EngagementServiceImpl            : Engagement recorded in DB for Video ID=2, User ID=202, Type=VIEW
2025-03-13T10:36:44.030+05:30  INFO   --- [           main] c.a.v.s.EngagementServiceImpl            : Processing engagement tracking for Video ID=3, User ID=303, Type=VIEW
2025-03-13T10:36:44.031+05:30  INFO   --- [           main] c.a.v.s.EngagementServiceImpl            : New engagement created for Video ID=3 and User ID=303
2025-03-13T10:36:44.031+05:30  INFO   --- [           main] c.a.v.s.EngagementServiceImpl            : Engagement recorded in DB for Video ID=3, User ID=303, Type=VIEW
2025-03-13T10:36:44.034+05:30  INFO   --- [           main] c.a.v.s.EngagementServiceImpl            : Fetching engagement stats for Video ID=999
2025-03-13T10:36:44.035+05:30  INFO   --- [           main] c.a.v.s.EngagementServiceImpl            : Processing engagement tracking for Video ID=1, User ID=101, Type=IMPRESSION
2025-03-13T10:36:44.036+05:30  INFO   --- [           main] c.a.v.s.EngagementServiceImpl            : Updated engagement for Video ID=1 and User ID=101 -> Impressions=3, Views=0
2025-03-13T10:36:44.036+05:30  INFO   --- [           main] c.a.v.s.EngagementServiceImpl            : Engagement recorded in DB for Video ID=1, User ID=101, Type=IMPRESSION
2025-03-13T10:36:44.037+05:30  INFO   --- [           main] c.a.v.s.EngagementServiceImpl            : Processing engagement tracking for Video ID=404, User ID=505, Type=IMPRESSION
2025-03-13T10:36:44.042+05:30  INFO   --- [           main] c.a.v.controllers.VideoController        : Publishing new video: New Video
2025-03-13T10:36:44.042+05:30 ERROR   --- [           main] c.a.v.controllers.VideoController        : Error occurred while publishing video: Database error

java.lang.RuntimeException: Database error
	at com.api.videostreaming.serviceImpls.VideoServiceImpl.publishVideo(VideoServiceImpl.java:67)
	at com.api.videostreaming.implTests.VideoServiceImplTests.lambda$testPublishVideo_Exception$1(VideoServiceImplTests.java:108)
	at org.junit.jupiter.api.AssertThrows.assertThrows(AssertThrows.java:55)
	at org.junit.jupiter.api.AssertThrows.assertThrows(AssertThrows.java:37)
	at org.junit.jupiter.api.Assertions.assertThrows(Assertions.java:3082)
	at com.api.videostreaming.implTests.VideoServiceImplTests.testPublishVideo_Exception(VideoServiceImplTests.java:107)
	at java.base/jdk.internal.reflect.NativeMethodAccessorImpl.invoke0(Native Method)
	at java.base/jdk.internal.reflect.NativeMethodAccessorImpl.invoke(NativeMethodAccessorImpl.java:77)
	at java.base/jdk.internal.reflect.DelegatingMethodAccessorImpl.invoke(DelegatingMethodAccessorImpl.java:43)
	at java.base/java.lang.reflect.Method.invoke(Method.java:568)
	at org.junit.platform.commons.util.ReflectionUtils.invokeMethod(ReflectionUtils.java:728)
	at org.junit.jupiter.engine.execution.MethodInvocation.proceed(MethodInvocation.java:60)
	at org.junit.jupiter.engine.execution.InvocationInterceptorChain$ValidatingInvocation.proceed(InvocationInterceptorChain.java:131)
	at org.junit.jupiter.engine.extension.TimeoutExtension.intercept(TimeoutExtension.java:149)
	at org.junit.jupiter.engine.extension.TimeoutExtension.interceptTestableMethod(TimeoutExtension.java:140)
	at org.junit.jupiter.engine.extension.TimeoutExtension.interceptTestMethod(TimeoutExtension.java:84)
	at org.junit.jupiter.engine.execution.ExecutableInvoker$ReflectiveInterceptorCall.lambda$ofVoidMethod$0(ExecutableInvoker.java:115)
	at org.junit.jupiter.engine.execution.ExecutableInvoker.lambda$invoke$0(ExecutableInvoker.java:105)
	at org.junit.jupiter.engine.execution.InvocationInterceptorChain$InterceptedInvocation.proceed(InvocationInterceptorChain.java:106)
	at org.junit.jupiter.engine.execution.InvocationInterceptorChain.proceed(InvocationInterceptorChain.java:64)
	at org.junit.jupiter.engine.execution.InvocationInterceptorChain.chainAndInvoke(InvocationInterceptorChain.java:45)
	at org.junit.jupiter.engine.execution.InvocationInterceptorChain.invoke(InvocationInterceptorChain.java:37)
	at org.junit.jupiter.engine.execution.ExecutableInvoker.invoke(ExecutableInvoker.java:104)
	at org.junit.jupiter.engine.execution.ExecutableInvoker.invoke(ExecutableInvoker.java:98)
	at org.junit.jupiter.engine.descriptor.TestMethodTestDescriptor.lambda$invokeTestMethod$7(TestMethodTestDescriptor.java:214)
	at org.junit.platform.engine.support.hierarchical.ThrowableCollector.execute(ThrowableCollector.java:73)
	at org.junit.jupiter.engine.descriptor.TestMethodTestDescriptor.invokeTestMethod(TestMethodTestDescriptor.java:210)
	at org.junit.jupiter.engine.descriptor.TestMethodTestDescriptor.execute(TestMethodTestDescriptor.java:135)
	at org.junit.jupiter.engine.descriptor.TestMethodTestDescriptor.execute(TestMethodTestDescriptor.java:66)
	at org.junit.platform.engine.support.hierarchical.NodeTestTask.lambda$executeRecursively$6(NodeTestTask.java:156)
	at org.junit.platform.engine.support.hierarchical.ThrowableCollector.execute(ThrowableCollector.java:73)
	at org.junit.platform.engine.support.hierarchical.NodeTestTask.lambda$executeRecursively$8(NodeTestTask.java:146)
	at org.junit.platform.engine.support.hierarchical.Node.around(Node.java:137)
	at org.junit.platform.engine.support.hierarchical.NodeTestTask.lambda$executeRecursively$9(NodeTestTask.java:144)
	at org.junit.platform.engine.support.hierarchical.ThrowableCollector.execute(ThrowableCollector.java:73)
	at org.junit.platform.engine.support.hierarchical.NodeTestTask.executeRecursively(NodeTestTask.java:143)
	at org.junit.platform.engine.support.hierarchical.NodeTestTask.execute(NodeTestTask.java:100)
	at java.base/java.util.ArrayList.forEach(ArrayList.java:1511)
	at org.junit.platform.engine.support.hierarchical.SameThreadHierarchicalTestExecutorService.invokeAll(SameThreadHierarchicalTestExecutorService.java:41)
	at org.junit.platform.engine.support.hierarchical.NodeTestTask.lambda$executeRecursively$6(NodeTestTask.java:160)
	at org.junit.platform.engine.support.hierarchical.ThrowableCollector.execute(ThrowableCollector.java:73)
	at org.junit.platform.engine.support.hierarchical.NodeTestTask.lambda$executeRecursively$8(NodeTestTask.java:146)
	at org.junit.platform.engine.support.hierarchical.Node.around(Node.java:137)
	at org.junit.platform.engine.support.hierarchical.NodeTestTask.lambda$executeRecursively$9(NodeTestTask.java:144)
	at org.junit.platform.engine.support.hierarchical.ThrowableCollector.execute(ThrowableCollector.java:73)
	at org.junit.platform.engine.support.hierarchical.NodeTestTask.executeRecursively(NodeTestTask.java:143)
	at org.junit.platform.engine.support.hierarchical.NodeTestTask.execute(NodeTestTask.java:100)
	at java.base/java.util.ArrayList.forEach(ArrayList.java:1511)
	at org.junit.platform.engine.support.hierarchical.SameThreadHierarchicalTestExecutorService.invokeAll(SameThreadHierarchicalTestExecutorService.java:41)
	at org.junit.platform.engine.support.hierarchical.NodeTestTask.lambda$executeRecursively$6(NodeTestTask.java:160)
	at org.junit.platform.engine.support.hierarchical.ThrowableCollector.execute(ThrowableCollector.java:73)
	at org.junit.platform.engine.support.hierarchical.NodeTestTask.lambda$executeRecursively$8(NodeTestTask.java:146)
	at org.junit.platform.engine.support.hierarchical.Node.around(Node.java:137)
	at org.junit.platform.engine.support.hierarchical.NodeTestTask.lambda$executeRecursively$9(NodeTestTask.java:144)
	at org.junit.platform.engine.support.hierarchical.ThrowableCollector.execute(ThrowableCollector.java:73)
	at org.junit.platform.engine.support.hierarchical.NodeTestTask.executeRecursively(NodeTestTask.java:143)
	at org.junit.platform.engine.support.hierarchical.NodeTestTask.execute(NodeTestTask.java:100)
	at org.junit.platform.engine.support.hierarchical.SameThreadHierarchicalTestExecutorService.submit(SameThreadHierarchicalTestExecutorService.java:35)
	at org.junit.platform.engine.support.hierarchical.HierarchicalTestExecutor.execute(HierarchicalTestExecutor.java:57)
	at org.junit.platform.engine.support.hierarchical.HierarchicalTestEngine.execute(HierarchicalTestEngine.java:54)
	at org.junit.platform.launcher.core.EngineExecutionOrchestrator.execute(EngineExecutionOrchestrator.java:198)
	at org.junit.platform.launcher.core.EngineExecutionOrchestrator.execute(EngineExecutionOrchestrator.java:169)
	at org.junit.platform.launcher.core.EngineExecutionOrchestrator.execute(EngineExecutionOrchestrator.java:93)
	at org.junit.platform.launcher.core.EngineExecutionOrchestrator.lambda$execute$0(EngineExecutionOrchestrator.java:58)
	at org.junit.platform.launcher.core.EngineExecutionOrchestrator.withInterceptedStreams(EngineExecutionOrchestrator.java:141)
	at org.junit.platform.launcher.core.EngineExecutionOrchestrator.execute(EngineExecutionOrchestrator.java:57)
	at org.junit.platform.launcher.core.DefaultLauncher.execute(DefaultLauncher.java:103)
	at org.junit.platform.launcher.core.DefaultLauncher.execute(DefaultLauncher.java:85)
	at org.junit.platform.launcher.core.DelegatingLauncher.execute(DelegatingLauncher.java:47)
	at org.apache.maven.surefire.junitplatform.LazyLauncher.execute(LazyLauncher.java:56)
	at org.apache.maven.surefire.junitplatform.JUnitPlatformProvider.execute(JUnitPlatformProvider.java:184)
	at org.apache.maven.surefire.junitplatform.JUnitPlatformProvider.invokeAllTests(JUnitPlatformProvider.java:148)
	at org.apache.maven.surefire.junitplatform.JUnitPlatformProvider.invoke(JUnitPlatformProvider.java:122)
	at org.apache.maven.surefire.booter.ForkedBooter.runSuitesInProcess(ForkedBooter.java:385)
	at org.apache.maven.surefire.booter.ForkedBooter.execute(ForkedBooter.java:162)
	at org.apache.maven.surefire.booter.ForkedBooter.run(ForkedBooter.java:507)
	at org.apache.maven.surefire.booter.ForkedBooter.main(ForkedBooter.java:495)

2025-03-13T10:36:44.044+05:30  INFO   --- [           main] c.a.v.controllers.VideoController        : Fetching video content for Video ID: 1
2025-03-13T10:36:44.045+05:30  INFO   --- [           main] c.a.v.controllers.VideoController        : Video content loaded successfully: ID=1, Title=Test Video
2025-03-13T10:36:44.046+05:30  INFO   --- [           main] c.a.v.controllers.VideoController        : Fetching video content for ID: 1
2025-03-13T10:36:44.047+05:30  INFO   --- [           main] c.a.v.controllers.VideoController        : Video content ready to play: ID=1, Title=Test Video
2025-03-13T10:36:44.047+05:30  INFO   --- [           main] c.a.v.controllers.VideoController        : Publishing new video: Existing Video
2025-03-13T10:36:44.048+05:30  WARN   --- [           main] c.a.v.controllers.VideoController        : Video with title 'Existing Video' already exists
2025-03-13T10:36:44.049+05:30  INFO   --- [           main] c.a.v.controllers.VideoController        : Publishing new video: New Video
2025-03-13T10:36:44.049+05:30  INFO   --- [           main] c.a.v.controllers.VideoController        : Video 'New Video' published successfully with ID: null
2025-03-13T10:36:44.052+05:30  INFO   --- [           main] c.a.v.controllers.VideoController        : Searching videos with phrase: 'Action', page=0, size=5
2025-03-13T10:37:13.043+05:30  INFO   --- [           main] c.a.v.s.EngagementServiceImpl            : Fetching engagement stats for Video ID=1
2025-03-13T10:37:13.046+05:30  INFO   --- [           main] c.a.v.s.EngagementServiceImpl            : Returning engagement stats for Video ID=1 -> Impressions=10, Views=5
2025-03-13T10:37:13.056+05:30  INFO   --- [           main] c.a.v.s.EngagementServiceImpl            : Processing engagement tracking for Video ID=2, User ID=202, Type=VIEW
2025-03-13T10:37:13.056+05:30  INFO   --- [           main] c.a.v.s.EngagementServiceImpl            : Updated engagement for Video ID=2 and User ID=202 -> Impressions=5, Views=4
2025-03-13T10:37:13.056+05:30  INFO   --- [           main] c.a.v.s.EngagementServiceImpl            : Engagement recorded in DB for Video ID=2, User ID=202, Type=VIEW
2025-03-13T10:37:13.059+05:30  INFO   --- [           main] c.a.v.s.EngagementServiceImpl            : Processing engagement tracking for Video ID=3, User ID=303, Type=VIEW
2025-03-13T10:37:13.060+05:30  INFO   --- [           main] c.a.v.s.EngagementServiceImpl            : New engagement created for Video ID=3 and User ID=303
2025-03-13T10:37:13.060+05:30  INFO   --- [           main] c.a.v.s.EngagementServiceImpl            : Engagement recorded in DB for Video ID=3, User ID=303, Type=VIEW
2025-03-13T10:37:13.062+05:30  INFO   --- [           main] c.a.v.s.EngagementServiceImpl            : Fetching engagement stats for Video ID=999
2025-03-13T10:37:13.063+05:30  INFO   --- [           main] c.a.v.s.EngagementServiceImpl            : Processing engagement tracking for Video ID=1, User ID=101, Type=IMPRESSION
2025-03-13T10:37:13.063+05:30  INFO   --- [           main] c.a.v.s.EngagementServiceImpl            : Updated engagement for Video ID=1 and User ID=101 -> Impressions=3, Views=0
2025-03-13T10:37:13.064+05:30  INFO   --- [           main] c.a.v.s.EngagementServiceImpl            : Engagement recorded in DB for Video ID=1, User ID=101, Type=IMPRESSION
2025-03-13T10:37:13.065+05:30  INFO   --- [           main] c.a.v.s.EngagementServiceImpl            : Processing engagement tracking for Video ID=404, User ID=505, Type=IMPRESSION
2025-03-13T10:37:13.070+05:30  INFO   --- [           main] c.a.v.controllers.VideoController        : Fetching video content for Video ID: 1
2025-03-13T10:37:13.071+05:30  INFO   --- [           main] c.a.v.controllers.VideoController        : Video content loaded successfully: ID=1, Title=Test Video
2025-03-13T10:37:13.072+05:30  INFO   --- [           main] c.a.v.controllers.VideoController        : Fetching video content for ID: 1
2025-03-13T10:37:13.073+05:30  INFO   --- [           main] c.a.v.controllers.VideoController        : Video content ready to play: ID=1, Title=Test Video
2025-03-13T10:37:13.074+05:30  INFO   --- [           main] c.a.v.controllers.VideoController        : Publishing new video: Existing Video
2025-03-13T10:37:13.074+05:30  WARN   --- [           main] c.a.v.controllers.VideoController        : Video with title 'Existing Video' already exists
2025-03-13T10:37:13.076+05:30  INFO   --- [           main] c.a.v.controllers.VideoController        : Publishing new video: New Video
2025-03-13T10:37:13.076+05:30  INFO   --- [           main] c.a.v.controllers.VideoController        : Video 'New Video' published successfully with ID: null
2025-03-13T10:37:13.081+05:30  INFO   --- [           main] c.a.v.controllers.VideoController        : Searching videos with phrase: 'Action', page=0, size=5
2025-03-13T10:38:00.550+05:30  INFO   --- [           main] c.a.v.s.EngagementServiceImpl            : Fetching engagement stats for Video ID=1
2025-03-13T10:38:00.553+05:30  INFO   --- [           main] c.a.v.s.EngagementServiceImpl            : Returning engagement stats for Video ID=1 -> Impressions=10, Views=5
2025-03-13T10:38:00.562+05:30  INFO   --- [           main] c.a.v.s.EngagementServiceImpl            : Processing engagement tracking for Video ID=2, User ID=202, Type=VIEW
2025-03-13T10:38:00.563+05:30  INFO   --- [           main] c.a.v.s.EngagementServiceImpl            : Updated engagement for Video ID=2 and User ID=202 -> Impressions=5, Views=4
2025-03-13T10:38:00.563+05:30  INFO   --- [           main] c.a.v.s.EngagementServiceImpl            : Engagement recorded in DB for Video ID=2, User ID=202, Type=VIEW
2025-03-13T10:38:00.566+05:30  INFO   --- [           main] c.a.v.s.EngagementServiceImpl            : Processing engagement tracking for Video ID=3, User ID=303, Type=VIEW
2025-03-13T10:38:00.566+05:30  INFO   --- [           main] c.a.v.s.EngagementServiceImpl            : New engagement created for Video ID=3 and User ID=303
2025-03-13T10:38:00.566+05:30  INFO   --- [           main] c.a.v.s.EngagementServiceImpl            : Engagement recorded in DB for Video ID=3, User ID=303, Type=VIEW
2025-03-13T10:38:00.568+05:30  INFO   --- [           main] c.a.v.s.EngagementServiceImpl            : Fetching engagement stats for Video ID=999
2025-03-13T10:38:00.570+05:30  INFO   --- [           main] c.a.v.s.EngagementServiceImpl            : Processing engagement tracking for Video ID=1, User ID=101, Type=IMPRESSION
2025-03-13T10:38:00.570+05:30  INFO   --- [           main] c.a.v.s.EngagementServiceImpl            : Updated engagement for Video ID=1 and User ID=101 -> Impressions=3, Views=0
2025-03-13T10:38:00.571+05:30  INFO   --- [           main] c.a.v.s.EngagementServiceImpl            : Engagement recorded in DB for Video ID=1, User ID=101, Type=IMPRESSION
2025-03-13T10:38:00.572+05:30  INFO   --- [           main] c.a.v.s.EngagementServiceImpl            : Processing engagement tracking for Video ID=404, User ID=505, Type=IMPRESSION
2025-03-13T10:38:00.577+05:30  INFO   --- [           main] c.a.v.controllers.VideoController        : Fetching video content for Video ID: 1
2025-03-13T10:38:00.577+05:30  INFO   --- [           main] c.a.v.controllers.VideoController        : Video content loaded successfully: ID=1, Title=Test Video
2025-03-13T10:38:00.578+05:30  INFO   --- [           main] c.a.v.controllers.VideoController        : Fetching video content for ID: 1
2025-03-13T10:38:00.579+05:30  INFO   --- [           main] c.a.v.controllers.VideoController        : Video content ready to play: ID=1, Title=Test Video
2025-03-13T10:38:00.581+05:30  INFO   --- [           main] c.a.v.controllers.VideoController        : Publishing new video: Existing Video
2025-03-13T10:38:00.581+05:30  WARN   --- [           main] c.a.v.controllers.VideoController        : Video with title 'Existing Video' already exists
2025-03-13T10:38:00.583+05:30  INFO   --- [           main] c.a.v.controllers.VideoController        : Publishing new video: New Video
2025-03-13T10:38:00.583+05:30  INFO   --- [           main] c.a.v.controllers.VideoController        : Video 'New Video' published successfully with ID: null
2025-03-13T10:56:15.448+05:30  INFO   --- [           main] c.a.v.s.EngagementServiceImpl            : Fetching engagement stats for Video ID=1
2025-03-13T10:56:15.451+05:30  INFO   --- [           main] c.a.v.s.EngagementServiceImpl            : Returning engagement stats for Video ID=1 -> Impressions=10, Views=5
2025-03-13T10:56:15.465+05:30  INFO   --- [           main] c.a.v.s.EngagementServiceImpl            : Processing engagement tracking for Video ID=2, User ID=202, Type=VIEW
2025-03-13T10:56:15.465+05:30  INFO   --- [           main] c.a.v.s.EngagementServiceImpl            : Updated engagement for Video ID=2 and User ID=202 -> Impressions=5, Views=4
2025-03-13T10:56:15.466+05:30  INFO   --- [           main] c.a.v.s.EngagementServiceImpl            : Engagement recorded in DB for Video ID=2, User ID=202, Type=VIEW
2025-03-13T10:56:15.469+05:30  INFO   --- [           main] c.a.v.s.EngagementServiceImpl            : Processing engagement tracking for Video ID=3, User ID=303, Type=VIEW
2025-03-13T10:56:15.469+05:30  INFO   --- [           main] c.a.v.s.EngagementServiceImpl            : New engagement created for Video ID=3 and User ID=303
2025-03-13T10:56:15.469+05:30  INFO   --- [           main] c.a.v.s.EngagementServiceImpl            : Engagement recorded in DB for Video ID=3, User ID=303, Type=VIEW
2025-03-13T10:56:15.472+05:30  INFO   --- [           main] c.a.v.s.EngagementServiceImpl            : Fetching engagement stats for Video ID=999
2025-03-13T10:56:15.475+05:30  INFO   --- [           main] c.a.v.s.EngagementServiceImpl            : Processing engagement tracking for Video ID=1, User ID=101, Type=IMPRESSION
2025-03-13T10:56:15.475+05:30  INFO   --- [           main] c.a.v.s.EngagementServiceImpl            : Updated engagement for Video ID=1 and User ID=101 -> Impressions=3, Views=0
2025-03-13T10:56:15.476+05:30  INFO   --- [           main] c.a.v.s.EngagementServiceImpl            : Engagement recorded in DB for Video ID=1, User ID=101, Type=IMPRESSION
2025-03-13T10:56:15.477+05:30  INFO   --- [           main] c.a.v.s.EngagementServiceImpl            : Processing engagement tracking for Video ID=404, User ID=505, Type=IMPRESSION
2025-03-13T10:56:15.483+05:30  INFO   --- [           main] c.a.v.controllers.VideoController        : Fetching video content for Video ID: 1
2025-03-13T10:56:15.484+05:30  INFO   --- [           main] c.a.v.controllers.VideoController        : Video content loaded successfully: ID=1, Title=Test Video
2025-03-13T10:56:15.486+05:30  INFO   --- [           main] c.a.v.controllers.VideoController        : Fetching video content for ID: 1
2025-03-13T10:56:15.486+05:30  INFO   --- [           main] c.a.v.controllers.VideoController        : Video content ready to play: ID=1, Title=Test Video
2025-03-13T10:56:15.488+05:30  INFO   --- [           main] c.a.v.controllers.VideoController        : Publishing new video: Existing Video
2025-03-13T10:56:15.489+05:30  WARN   --- [           main] c.a.v.controllers.VideoController        : Video with title 'Existing Video' already exists
2025-03-13T10:56:15.490+05:30  INFO   --- [           main] c.a.v.controllers.VideoController        : Publishing new video: New Video
2025-03-13T10:56:15.492+05:30  INFO   --- [           main] c.a.v.controllers.VideoController        : Video 'New Video' published successfully with ID: null
